[5.209s] Invoking command in '/home/bfh/manip_ws/build/manip': DEBUGINFOD_URLS=https://debuginfod.ubuntu.com PYTHONPATH=/home/bfh/manip_ws/build/manip/prefix_override:/usr/lib/python3/dist-packages/colcon_core/task/python/colcon_distutils_commands:/home/bfh/manip_ws/install/manip/lib/python3.12/site-packages:${PYTHONPATH} /usr/bin/python3 -W ignore:setup.py install is deprecated -W ignore:easy_install command is deprecated setup.py develop --editable --build-directory /home/bfh/manip_ws/build/manip/build --no-deps symlink_data
[6.793s] running develop
[7.738s] running egg_info
[7.826s] writing manip.egg-info/PKG-INFO
[7.827s] writing dependency_links to manip.egg-info/dependency_links.txt
[7.829s] writing entry points to manip.egg-info/entry_points.txt
[7.830s] writing requirements to manip.egg-info/requires.txt
[7.831s] writing top-level names to manip.egg-info/top_level.txt
[7.925s] reading manifest file 'manip.egg-info/SOURCES.txt'
[7.930s] writing manifest file 'manip.egg-info/SOURCES.txt'
[8.023s] running build_ext
[8.116s] Creating /home/bfh/manip_ws/install/manip/lib/python3.12/site-packages/manip.egg-link (link to .)
[8.119s] Installing astolfi script to /home/bfh/manip_ws/install/manip/lib/manip
[8.120s] Installing blinker_node script to /home/bfh/manip_ws/install/manip/lib/manip
[8.121s] Installing heart_beat_node script to /home/bfh/manip_ws/install/manip/lib/manip
[8.121s] Installing lcddisplay script to /home/bfh/manip_ws/install/manip/lib/manip
[8.122s] Installing log_node script to /home/bfh/manip_ws/install/manip/lib/manip
[8.123s] Installing opcua_client_node script to /home/bfh/manip_ws/install/manip/lib/manip
[8.124s] Installing relay_control_node script to /home/bfh/manip_ws/install/manip/lib/manip
[8.125s] Installing ro_bridge script to /home/bfh/manip_ws/install/manip/lib/manip
[8.126s] Installing simreal_selector script to /home/bfh/manip_ws/install/manip/lib/manip
[8.127s] Installing statemachine script to /home/bfh/manip_ws/install/manip/lib/manip
[8.128s] Installing vmeter script to /home/bfh/manip_ws/install/manip/lib/manip
[8.129s] 
[8.129s] Installed /home/bfh/manip_ws/build/manip
[8.130s] running symlink_data
[8.338s] Invoked command in '/home/bfh/manip_ws/build/manip' returned '0': DEBUGINFOD_URLS=https://debuginfod.ubuntu.com PYTHONPATH=/home/bfh/manip_ws/build/manip/prefix_override:/usr/lib/python3/dist-packages/colcon_core/task/python/colcon_distutils_commands:/home/bfh/manip_ws/install/manip/lib/python3.12/site-packages:${PYTHONPATH} /usr/bin/python3 -W ignore:setup.py install is deprecated -W ignore:easy_install command is deprecated setup.py develop --editable --build-directory /home/bfh/manip_ws/build/manip/build --no-deps symlink_data
