[0.576s] Invoking command in '/home/nbf2/manip_ws/build/manip': DEBUGINFOD_URLS=https://debuginfod.ubuntu.com PYTHONPATH=/home/nbf2/manip_ws/build/manip/prefix_override:/usr/lib/python3/dist-packages/colcon_core/task/python/colcon_distutils_commands:/home/nbf2/manip_ws/install/manip/lib/python3.12/site-packages:${PYTHONPATH} /usr/bin/python3 -W ignore:setup.py install is deprecated -W ignore:easy_install command is deprecated setup.py develop --editable --build-directory /home/nbf2/manip_ws/build/manip/build --no-deps symlink_data
[0.846s] running develop
[0.975s] running egg_info
[0.975s] creating manip.egg-info
[0.988s] writing manip.egg-info/PKG-INFO
[0.989s] writing dependency_links to manip.egg-info/dependency_links.txt
[0.989s] writing entry points to manip.egg-info/entry_points.txt
[0.989s] writing requirements to manip.egg-info/requires.txt
[0.989s] writing top-level names to manip.egg-info/top_level.txt
[0.989s] writing manifest file 'manip.egg-info/SOURCES.txt'
[1.001s] reading manifest file 'manip.egg-info/SOURCES.txt'
[1.001s] writing manifest file 'manip.egg-info/SOURCES.txt'
[1.016s] running build_ext
[1.029s] Creating /home/nbf2/manip_ws/install/manip/lib/python3.12/site-packages/manip.egg-link (link to .)
[1.029s] Installing astolfi script to /home/nbf2/manip_ws/install/manip/lib/manip
[1.029s] Installing blinker_node script to /home/nbf2/manip_ws/install/manip/lib/manip
[1.030s] Installing heart_beat_node script to /home/nbf2/manip_ws/install/manip/lib/manip
[1.030s] Installing lcddisplay script to /home/nbf2/manip_ws/install/manip/lib/manip
[1.030s] Installing log_node script to /home/nbf2/manip_ws/install/manip/lib/manip
[1.030s] Installing opcua_client_node script to /home/nbf2/manip_ws/install/manip/lib/manip
[1.031s] Installing relay_control_node script to /home/nbf2/manip_ws/install/manip/lib/manip
[1.031s] Installing ro_bridge script to /home/nbf2/manip_ws/install/manip/lib/manip
[1.031s] Installing simreal_selector script to /home/nbf2/manip_ws/install/manip/lib/manip
[1.031s] Installing statemachine script to /home/nbf2/manip_ws/install/manip/lib/manip
[1.031s] Installing vmeter script to /home/nbf2/manip_ws/install/manip/lib/manip
[1.031s] 
[1.031s] Installed /home/nbf2/manip_ws/build/manip
[1.032s] running symlink_data
[1.032s] creating /home/nbf2/manip_ws/install/manip/share/ament_index
[1.032s] creating /home/nbf2/manip_ws/install/manip/share/ament_index/resource_index
[1.032s] creating /home/nbf2/manip_ws/install/manip/share/ament_index/resource_index/packages
[1.032s] symbolically linking /home/nbf2/manip_ws/build/manip/resource/manip -> /home/nbf2/manip_ws/install/manip/share/ament_index/resource_index/packages
[1.032s] symbolically linking /home/nbf2/manip_ws/build/manip/package.xml -> /home/nbf2/manip_ws/install/manip/share/manip
[1.032s] creating /home/nbf2/manip_ws/install/manip/share/manip/launch
[1.032s] symbolically linking /home/nbf2/manip_ws/build/manip/launch/launch_robot.launch.py -> /home/nbf2/manip_ws/install/manip/share/manip/launch
[1.033s] symbolically linking /home/nbf2/manip_ws/build/manip/launch/rsp.launch.py -> /home/nbf2/manip_ws/install/manip/share/manip/launch
[1.033s] symbolically linking /home/nbf2/manip_ws/build/manip/launch/launch_sim.launch.py -> /home/nbf2/manip_ws/install/manip/share/manip/launch
[1.033s] symbolically linking /home/nbf2/manip_ws/build/manip/launch/joystick.launch.py -> /home/nbf2/manip_ws/install/manip/share/manip/launch
[1.033s] symbolically linking /home/nbf2/manip_ws/build/manip/launch/rviz.launch.py -> /home/nbf2/manip_ws/install/manip/share/manip/launch
[1.033s] creating /home/nbf2/manip_ws/install/manip/share/manip/description
[1.033s] symbolically linking /home/nbf2/manip_ws/build/manip/description/youbot_all.xacro -> /home/nbf2/manip_ws/install/manip/share/manip/description
[1.033s] symbolically linking /home/nbf2/manip_ws/build/manip/description/youbot_manip.xacro -> /home/nbf2/manip_ws/install/manip/share/manip/description
[1.033s] symbolically linking /home/nbf2/manip_ws/build/manip/description/robot.urdf.xacro -> /home/nbf2/manip_ws/install/manip/share/manip/description
[1.034s] symbolically linking /home/nbf2/manip_ws/build/manip/description/ros2_control.xacro -> /home/nbf2/manip_ws/install/manip/share/manip/description
[1.034s] creating /home/nbf2/manip_ws/install/manip/share/manip/config
[1.034s] symbolically linking /home/nbf2/manip_ws/build/manip/config/controllers.yaml -> /home/nbf2/manip_ws/install/manip/share/manip/config
[1.034s] symbolically linking /home/nbf2/manip_ws/build/manip/config/mapper_params_online_async.yaml -> /home/nbf2/manip_ws/install/manip/share/manip/config
[1.034s] symbolically linking /home/nbf2/manip_ws/build/manip/config/gaz_ros2_ctl_use_sim.yaml -> /home/nbf2/manip_ws/install/manip/share/manip/config
[1.034s] symbolically linking /home/nbf2/manip_ws/build/manip/config/joystick.yaml -> /home/nbf2/manip_ws/install/manip/share/manip/config
[1.034s] symbolically linking /home/nbf2/manip_ws/build/manip/config/gz_bridge.yaml -> /home/nbf2/manip_ws/install/manip/share/manip/config
[1.035s] symbolically linking /home/nbf2/manip_ws/build/manip/config/arm_joints.yaml -> /home/nbf2/manip_ws/install/manip/share/manip/config
[1.035s] symbolically linking /home/nbf2/manip_ws/build/manip/config/rviz_config.rviz -> /home/nbf2/manip_ws/install/manip/share/manip/config
[1.035s] creating /home/nbf2/manip_ws/install/manip/share/manip/worlds
[1.035s] symbolically linking /home/nbf2/manip_ws/build/manip/worlds/empty.sdf -> /home/nbf2/manip_ws/install/manip/share/manip/worlds
[1.035s] symbolically linking /home/nbf2/manip_ws/build/manip/worlds/obstacles2.sdf -> /home/nbf2/manip_ws/install/manip/share/manip/worlds
[1.035s] symbolically linking /home/nbf2/manip_ws/build/manip/worlds/obstacles.world -> /home/nbf2/manip_ws/install/manip/share/manip/worlds
[1.035s] symbolically linking /home/nbf2/manip_ws/build/manip/worlds/empty.world -> /home/nbf2/manip_ws/install/manip/share/manip/worlds
[1.035s] creating /home/nbf2/manip_ws/install/manip/share/manip/views
[1.036s] symbolically linking /home/nbf2/manip_ws/build/manip/views/rviz_config2.rviz -> /home/nbf2/manip_ws/install/manip/share/manip/views
[1.036s] symbolically linking /home/nbf2/manip_ws/build/manip/views/rviz_config.rviz -> /home/nbf2/manip_ws/install/manip/share/manip/views
[1.036s] creating /home/nbf2/manip_ws/install/manip/share/manip/src
[1.036s] symbolically linking /home/nbf2/manip_ws/build/manip/src/__pycache__/OpcUaClient.cpython-312.pyc -> /home/nbf2/manip_ws/install/manip/share/manip/src
[1.036s] symbolically linking /home/nbf2/manip_ws/build/manip/src/__pycache__/__init__.cpython-312.pyc -> /home/nbf2/manip_ws/install/manip/share/manip/src
[1.036s] symbolically linking /home/nbf2/manip_ws/build/manip/src/__pycache__/I2C_LCD_Driver.cpython-312.pyc -> /home/nbf2/manip_ws/install/manip/share/manip/src
[1.036s] symbolically linking /home/nbf2/manip_ws/build/manip/src/__pycache__/ROBridge.cpython-312.pyc -> /home/nbf2/manip_ws/install/manip/share/manip/src
[1.036s] symbolically linking /home/nbf2/manip_ws/build/manip/src/__init__.py -> /home/nbf2/manip_ws/install/manip/share/manip/src
[1.036s] creating /home/nbf2/manip_ws/install/manip/share/manip/meshes
[1.037s] creating /home/nbf2/manip_ws/install/manip/share/manip/meshes/sensors
[1.037s] symbolically linking /home/nbf2/manip_ws/build/manip/meshes/sensors/asus_xtion_pro_live_base.dae -> /home/nbf2/manip_ws/install/manip/share/manip/meshes/sensors
[1.037s] symbolically linking /home/nbf2/manip_ws/build/manip/meshes/sensors/asus_xtion_pro_live_camera.png -> /home/nbf2/manip_ws/install/manip/share/manip/meshes/sensors
[1.037s] symbolically linking /home/nbf2/manip_ws/build/manip/meshes/sensors/hokuyo.dae -> /home/nbf2/manip_ws/install/manip/share/manip/meshes/sensors
[1.037s] symbolically linking /home/nbf2/manip_ws/build/manip/meshes/sensors/kinect.tga -> /home/nbf2/manip_ws/install/manip/share/manip/meshes/sensors
[1.037s] symbolically linking /home/nbf2/manip_ws/build/manip/meshes/sensors/hokuyo_convex.dae -> /home/nbf2/manip_ws/install/manip/share/manip/meshes/sensors
[1.037s] symbolically linking /home/nbf2/manip_ws/build/manip/meshes/sensors/asus_xtion_pro_live_base.png -> /home/nbf2/manip_ws/install/manip/share/manip/meshes/sensors
[1.037s] symbolically linking /home/nbf2/manip_ws/build/manip/meshes/sensors/kinect.dae -> /home/nbf2/manip_ws/install/manip/share/manip/meshes/sensors
[1.038s] symbolically linking /home/nbf2/manip_ws/build/manip/meshes/sensors/asus_xtion_pro_live_camera.dae -> /home/nbf2/manip_ws/install/manip/share/manip/meshes/sensors
[1.038s] symbolically linking /home/nbf2/manip_ws/build/manip/meshes/sensors/microsoft_lifecam.dae -> /home/nbf2/manip_ws/install/manip/share/manip/meshes/sensors
[1.054s] Invoked command in '/home/nbf2/manip_ws/build/manip' returned '0': DEBUGINFOD_URLS=https://debuginfod.ubuntu.com PYTHONPATH=/home/nbf2/manip_ws/build/manip/prefix_override:/usr/lib/python3/dist-packages/colcon_core/task/python/colcon_distutils_commands:/home/nbf2/manip_ws/install/manip/lib/python3.12/site-packages:${PYTHONPATH} /usr/bin/python3 -W ignore:setup.py install is deprecated -W ignore:easy_install command is deprecated setup.py develop --editable --build-directory /home/nbf2/manip_ws/build/manip/build --no-deps symlink_data
