[0.648s] DEBUG:colcon:Command line arguments: ['/usr/bin/colcon', 'build', '--symlink-install']
[0.648s] DEBUG:colcon:Parsed command line arguments: Namespace(log_base=None, log_level=None, verb_name='build', build_base='build', install_base='install', merge_install=False, symlink_install=True, test_result_base=None, continue_on_error=False, executor='parallel', parallel_workers=4, event_handlers=None, ignore_user_meta=False, metas=['./colcon.meta'], base_paths=['.'], packages_ignore=None, packages_ignore_regex=None, paths=None, packages_up_to=None, packages_up_to_regex=None, packages_above=None, packages_above_and_dependencies=None, packages_above_depth=None, packages_select_by_dep=None, packages_skip_by_dep=None, packages_skip_up_to=None, packages_select_build_failed=False, packages_skip_build_finished=False, packages_select_test_failures=False, packages_skip_test_passed=False, packages_select=None, packages_skip=None, packages_select_regex=None, packages_skip_regex=None, packages_start=None, packages_end=None, cmake_args=None, cmake_target=None, cmake_target_skip_unavailable=False, cmake_clean_cache=False, cmake_clean_first=False, cmake_force_configure=False, ament_cmake_args=None, catkin_cmake_args=None, catkin_skip_building_tests=False, verb_parser=<colcon_defaults.argument_parser.defaults.DefaultArgumentsDecorator object at 0xffffa7f93fe0>, verb_extension=<colcon_core.verb.build.BuildVerb object at 0xffffa8796780>, main=<bound method BuildVerb.main of <colcon_core.verb.build.BuildVerb object at 0xffffa8796780>>)
[0.948s] Level 1:colcon.colcon_core.package_discovery:discover_packages(colcon_meta) check parameters
[0.949s] Level 1:colcon.colcon_core.package_discovery:discover_packages(recursive) check parameters
[0.949s] Level 1:colcon.colcon_core.package_discovery:discover_packages(ignore) check parameters
[0.949s] Level 1:colcon.colcon_core.package_discovery:discover_packages(path) check parameters
[0.949s] Level 1:colcon.colcon_core.package_discovery:discover_packages(colcon_meta) discover
[0.950s] Level 1:colcon.colcon_core.package_discovery:discover_packages(recursive) discover
[0.950s] INFO:colcon.colcon_core.package_discovery:Crawling recursively for packages in '/home/bfh/manip_ws'
[0.951s] Level 1:colcon.colcon_core.package_identification:_identify(.) by extensions ['ignore', 'ignore_ament_install']
[0.951s] Level 1:colcon.colcon_core.package_identification:_identify(.) by extension 'ignore'
[0.951s] Level 1:colcon.colcon_core.package_identification:_identify(.) by extension 'ignore_ament_install'
[0.952s] Level 1:colcon.colcon_core.package_identification:_identify(.) by extensions ['colcon_pkg']
[0.952s] Level 1:colcon.colcon_core.package_identification:_identify(.) by extension 'colcon_pkg'
[0.952s] Level 1:colcon.colcon_core.package_identification:_identify(.) by extensions ['colcon_meta']
[0.952s] Level 1:colcon.colcon_core.package_identification:_identify(.) by extension 'colcon_meta'
[0.953s] Level 1:colcon.colcon_core.package_identification:_identify(.) by extensions ['ros']
[0.953s] Level 1:colcon.colcon_core.package_identification:_identify(.) by extension 'ros'
[1.074s] DEBUG:colcon.colcon_core.package_identification:Package '.' with type 'ros.ament_python' and name 'manip'
[1.074s] Level 1:colcon.colcon_core.package_discovery:discover_packages(recursive) using defaults
[1.075s] Level 1:colcon.colcon_core.package_discovery:discover_packages(ignore) discover
[1.075s] Level 1:colcon.colcon_core.package_discovery:discover_packages(ignore) using defaults
[1.075s] Level 1:colcon.colcon_core.package_discovery:discover_packages(path) discover
[1.075s] Level 1:colcon.colcon_core.package_discovery:discover_packages(path) using defaults
[1.193s] Level 5:colcon.colcon_core.verb:set package 'manip' build argument 'cmake_args' from command line to 'None'
[1.193s] Level 5:colcon.colcon_core.verb:set package 'manip' build argument 'cmake_target' from command line to 'None'
[1.193s] Level 5:colcon.colcon_core.verb:set package 'manip' build argument 'cmake_target_skip_unavailable' from command line to 'False'
[1.194s] Level 5:colcon.colcon_core.verb:set package 'manip' build argument 'cmake_clean_cache' from command line to 'False'
[1.194s] Level 5:colcon.colcon_core.verb:set package 'manip' build argument 'cmake_clean_first' from command line to 'False'
[1.194s] Level 5:colcon.colcon_core.verb:set package 'manip' build argument 'cmake_force_configure' from command line to 'False'
[1.194s] Level 5:colcon.colcon_core.verb:set package 'manip' build argument 'ament_cmake_args' from command line to 'None'
[1.194s] Level 5:colcon.colcon_core.verb:set package 'manip' build argument 'catkin_cmake_args' from command line to 'None'
[1.194s] Level 5:colcon.colcon_core.verb:set package 'manip' build argument 'catkin_skip_building_tests' from command line to 'False'
[1.195s] DEBUG:colcon.colcon_core.verb:Building package 'manip' with the following arguments: {'ament_cmake_args': None, 'build_base': '/home/bfh/manip_ws/build/manip', 'catkin_cmake_args': None, 'catkin_skip_building_tests': False, 'cmake_args': None, 'cmake_clean_cache': False, 'cmake_clean_first': False, 'cmake_force_configure': False, 'cmake_target': None, 'cmake_target_skip_unavailable': False, 'install_base': '/home/bfh/manip_ws/install/manip', 'merge_install': False, 'path': '/home/bfh/manip_ws', 'symlink_install': True, 'test_result_base': None}
[1.195s] INFO:colcon.colcon_core.executor:Executing jobs using 'parallel' executor
[1.199s] DEBUG:colcon.colcon_parallel_executor.executor.parallel:run_until_complete
[1.201s] INFO:colcon.colcon_ros.task.ament_python.build:Building ROS package in '/home/bfh/manip_ws' with build type 'ament_python'
[1.202s] Level 1:colcon.colcon_core.shell:create_environment_hook('manip', 'ament_prefix_path')
[1.232s] INFO:colcon.colcon_core.plugin_system:Skipping extension 'colcon_core.shell.bat': Not used on non-Windows systems
[1.234s] INFO:colcon.colcon_core.shell:Creating environment descriptor '/home/bfh/manip_ws/install/manip/share/manip/hook/ament_prefix_path.dsv'
[1.239s] INFO:colcon.colcon_core.shell:Creating environment hook '/home/bfh/manip_ws/install/manip/share/manip/hook/ament_prefix_path.sh'
[1.243s] DEBUG:colcon.colcon_core.shell:Skip shell extension 'dsv' for command environment
[2.502s] INFO:colcon.colcon_core.task.python.build:Building Python package in '/home/bfh/manip_ws'
[2.503s] DEBUG:colcon.colcon_core.shell:Skip shell extension 'dsv' for command environment
[6.412s] DEBUG:colcon.colcon_core.event_handler.log_command:Invoking command in '/home/bfh/manip_ws/build/manip': DEBUGINFOD_URLS=https://debuginfod.ubuntu.com PYTHONPATH=/home/bfh/manip_ws/build/manip/prefix_override:/usr/lib/python3/dist-packages/colcon_core/task/python/colcon_distutils_commands:/home/bfh/manip_ws/install/manip/lib/python3.12/site-packages:${PYTHONPATH} /usr/bin/python3 -W ignore:setup.py install is deprecated -W ignore:easy_install command is deprecated setup.py develop --editable --build-directory /home/bfh/manip_ws/build/manip/build --no-deps symlink_data
[9.538s] Level 1:colcon.colcon_core.shell:create_environment_hook('manip', 'pythonpath_develop')
[9.539s] INFO:colcon.colcon_core.shell:Creating environment descriptor '/home/bfh/manip_ws/build/manip/share/manip/hook/pythonpath_develop.dsv'
[9.541s] DEBUG:colcon.colcon_core.event_handler.log_command:Invoked command in '/home/bfh/manip_ws/build/manip' returned '0': DEBUGINFOD_URLS=https://debuginfod.ubuntu.com PYTHONPATH=/home/bfh/manip_ws/build/manip/prefix_override:/usr/lib/python3/dist-packages/colcon_core/task/python/colcon_distutils_commands:/home/bfh/manip_ws/install/manip/lib/python3.12/site-packages:${PYTHONPATH} /usr/bin/python3 -W ignore:setup.py install is deprecated -W ignore:easy_install command is deprecated setup.py develop --editable --build-directory /home/bfh/manip_ws/build/manip/build --no-deps symlink_data
[9.542s] INFO:colcon.colcon_core.shell:Creating environment hook '/home/bfh/manip_ws/build/manip/share/manip/hook/pythonpath_develop.sh'
[9.555s] Level 1:colcon.colcon_core.environment:checking '/home/bfh/manip_ws/install/manip' for CMake module files
[9.559s] Level 1:colcon.colcon_core.environment:checking '/home/bfh/manip_ws/install/manip' for CMake config files
[9.568s] Level 1:colcon.colcon_core.environment:checking '/home/bfh/manip_ws/install/manip/lib'
[9.571s] Level 1:colcon.colcon_core.environment:checking '/home/bfh/manip_ws/install/manip/bin'
[9.573s] Level 1:colcon.colcon_core.environment:checking '/home/bfh/manip_ws/install/manip/lib/pkgconfig/manip.pc'
[9.576s] Level 1:colcon.colcon_core.environment:checking '/home/bfh/manip_ws/install/manip/lib/python3.12/site-packages'
[9.577s] Level 1:colcon.colcon_core.shell:create_environment_hook('manip', 'pythonpath')
[9.579s] INFO:colcon.colcon_core.shell:Creating environment descriptor '/home/bfh/manip_ws/install/manip/share/manip/hook/pythonpath.dsv'
[9.582s] INFO:colcon.colcon_core.shell:Creating environment hook '/home/bfh/manip_ws/install/manip/share/manip/hook/pythonpath.sh'
[9.585s] Level 1:colcon.colcon_core.environment:checking '/home/bfh/manip_ws/install/manip/bin'
[9.586s] Level 1:colcon.colcon_core.environment:create_environment_scripts_only(manip)
[9.587s] INFO:colcon.colcon_core.shell:Creating package descriptor '/home/bfh/manip_ws/install/manip/share/manip/package.dsv'
[9.589s] INFO:colcon.colcon_core.shell:Creating package script '/home/bfh/manip_ws/install/manip/share/manip/package.sh'
[9.592s] INFO:colcon.colcon_core.shell:Creating package script '/home/bfh/manip_ws/install/manip/share/manip/package.bash'
[9.596s] INFO:colcon.colcon_core.shell:Creating package script '/home/bfh/manip_ws/install/manip/share/manip/package.zsh'
[9.598s] Level 1:colcon.colcon_core.environment:create_file_with_runtime_dependencies(/home/bfh/manip_ws/install/manip/share/colcon-core/packages/manip)
[9.600s] DEBUG:colcon.colcon_parallel_executor.executor.parallel:closing loop
[9.601s] DEBUG:colcon.colcon_parallel_executor.executor.parallel:loop closed
[9.602s] DEBUG:colcon.colcon_parallel_executor.executor.parallel:run_until_complete finished with '0'
[9.602s] DEBUG:colcon.colcon_core.event_reactor:joining thread
[9.644s] INFO:colcon.colcon_core.plugin_system:Skipping extension 'colcon_notification.desktop_notification.terminal_notifier': Not used on non-Darwin systems
[9.644s] INFO:colcon.colcon_core.plugin_system:Skipping extension 'colcon_notification.desktop_notification.win32': Not used on non-Windows systems
[9.645s] INFO:colcon.colcon_notification.desktop_notification:Sending desktop notification using 'notify2'
[9.748s] DEBUG:colcon.colcon_core.event_reactor:joined thread
[9.749s] INFO:colcon.colcon_core.shell:Creating prefix script '/home/bfh/manip_ws/install/local_setup.sh'
[9.752s] INFO:colcon.colcon_core.shell:Creating prefix util module '/home/bfh/manip_ws/install/_local_setup_util_sh.py'
[9.758s] INFO:colcon.colcon_core.shell:Creating prefix chain script '/home/bfh/manip_ws/install/setup.sh'
[9.767s] INFO:colcon.colcon_core.shell:Creating prefix script '/home/bfh/manip_ws/install/local_setup.bash'
[9.770s] INFO:colcon.colcon_core.shell:Creating prefix chain script '/home/bfh/manip_ws/install/setup.bash'
[9.777s] INFO:colcon.colcon_core.shell:Creating prefix script '/home/bfh/manip_ws/install/local_setup.zsh'
[9.780s] INFO:colcon.colcon_core.shell:Creating prefix chain script '/home/bfh/manip_ws/install/setup.zsh'
