[0.555s] Invoking command in '/home/nbf2/manip_ws/build/manip': DEBUGINFOD_URLS=https://debuginfod.ubuntu.com PYTHONPATH=/home/nbf2/manip_ws/build/manip/prefix_override:/usr/lib/python3/dist-packages/colcon_core/task/python/colcon_distutils_commands:/home/nbf2/manip_ws/install/manip/lib/python3.12/site-packages:${PYTHONPATH} /usr/bin/python3 -W ignore:setup.py install is deprecated -W ignore:easy_install command is deprecated setup.py develop --editable --build-directory /home/nbf2/manip_ws/build/manip/build --no-deps symlink_data
[0.787s] running develop
[0.914s] running egg_info
[0.914s] creating manip.egg-info
[0.927s] writing manip.egg-info/PKG-INFO
[0.927s] writing dependency_links to manip.egg-info/dependency_links.txt
[0.927s] writing entry points to manip.egg-info/entry_points.txt
[0.927s] writing requirements to manip.egg-info/requires.txt
[0.927s] writing top-level names to manip.egg-info/top_level.txt
[0.927s] writing manifest file 'manip.egg-info/SOURCES.txt'
[0.940s] reading manifest file 'manip.egg-info/SOURCES.txt'
[0.941s] writing manifest file 'manip.egg-info/SOURCES.txt'
[0.954s] running build_ext
[0.967s] Creating /home/nbf2/manip_ws/install/manip/lib/python3.12/site-packages/manip.egg-link (link to .)
[0.967s] Installing astolfi script to /home/nbf2/manip_ws/install/manip/lib/manip
[0.968s] Installing blinker_node script to /home/nbf2/manip_ws/install/manip/lib/manip
[0.968s] Installing heart_beat_node script to /home/nbf2/manip_ws/install/manip/lib/manip
[0.968s] Installing lcddisplay script to /home/nbf2/manip_ws/install/manip/lib/manip
[0.968s] Installing log_node script to /home/nbf2/manip_ws/install/manip/lib/manip
[0.968s] Installing opcua_client_node script to /home/nbf2/manip_ws/install/manip/lib/manip
[0.968s] Installing relay_control_node script to /home/nbf2/manip_ws/install/manip/lib/manip
[0.969s] Installing ro_bridge script to /home/nbf2/manip_ws/install/manip/lib/manip
[0.969s] Installing simreal_selector script to /home/nbf2/manip_ws/install/manip/lib/manip
[0.969s] Installing statemachine script to /home/nbf2/manip_ws/install/manip/lib/manip
[0.969s] Installing vmeter script to /home/nbf2/manip_ws/install/manip/lib/manip
[0.969s] 
[0.969s] Installed /home/nbf2/manip_ws/build/manip
[0.969s] running symlink_data
[0.970s] creating /home/nbf2/manip_ws/install/manip/share/ament_index
[0.970s] creating /home/nbf2/manip_ws/install/manip/share/ament_index/resource_index
[0.970s] creating /home/nbf2/manip_ws/install/manip/share/ament_index/resource_index/packages
[0.970s] symbolically linking /home/nbf2/manip_ws/build/manip/resource/manip -> /home/nbf2/manip_ws/install/manip/share/ament_index/resource_index/packages
[0.970s] symbolically linking /home/nbf2/manip_ws/build/manip/package.xml -> /home/nbf2/manip_ws/install/manip/share/manip
[0.970s] creating /home/nbf2/manip_ws/install/manip/share/manip/launch
[0.970s] symbolically linking /home/nbf2/manip_ws/build/manip/launch/launch_robot.launch.py -> /home/nbf2/manip_ws/install/manip/share/manip/launch
[0.970s] symbolically linking /home/nbf2/manip_ws/build/manip/launch/rsp.launch.py -> /home/nbf2/manip_ws/install/manip/share/manip/launch
[0.971s] symbolically linking /home/nbf2/manip_ws/build/manip/launch/launch_sim.launch.py -> /home/nbf2/manip_ws/install/manip/share/manip/launch
[0.971s] symbolically linking /home/nbf2/manip_ws/build/manip/launch/joystick.launch.py -> /home/nbf2/manip_ws/install/manip/share/manip/launch
[0.971s] symbolically linking /home/nbf2/manip_ws/build/manip/launch/rviz.launch.py -> /home/nbf2/manip_ws/install/manip/share/manip/launch
[0.971s] creating /home/nbf2/manip_ws/install/manip/share/manip/description
[0.971s] symbolically linking /home/nbf2/manip_ws/build/manip/description/youbot_all.xacro -> /home/nbf2/manip_ws/install/manip/share/manip/description
[0.971s] symbolically linking /home/nbf2/manip_ws/build/manip/description/youbot_manip.xacro -> /home/nbf2/manip_ws/install/manip/share/manip/description
[0.971s] symbolically linking /home/nbf2/manip_ws/build/manip/description/robot.urdf.xacro -> /home/nbf2/manip_ws/install/manip/share/manip/description
[0.971s] symbolically linking /home/nbf2/manip_ws/build/manip/description/ros2_control.xacro -> /home/nbf2/manip_ws/install/manip/share/manip/description
[0.971s] creating /home/nbf2/manip_ws/install/manip/share/manip/config
[0.972s] symbolically linking /home/nbf2/manip_ws/build/manip/config/controllers.yaml -> /home/nbf2/manip_ws/install/manip/share/manip/config
[0.972s] symbolically linking /home/nbf2/manip_ws/build/manip/config/mapper_params_online_async.yaml -> /home/nbf2/manip_ws/install/manip/share/manip/config
[0.972s] symbolically linking /home/nbf2/manip_ws/build/manip/config/gaz_ros2_ctl_use_sim.yaml -> /home/nbf2/manip_ws/install/manip/share/manip/config
[0.972s] symbolically linking /home/nbf2/manip_ws/build/manip/config/joystick.yaml -> /home/nbf2/manip_ws/install/manip/share/manip/config
[0.972s] symbolically linking /home/nbf2/manip_ws/build/manip/config/gz_bridge.yaml -> /home/nbf2/manip_ws/install/manip/share/manip/config
[0.972s] symbolically linking /home/nbf2/manip_ws/build/manip/config/arm_joints.yaml -> /home/nbf2/manip_ws/install/manip/share/manip/config
[0.972s] symbolically linking /home/nbf2/manip_ws/build/manip/config/rviz_config.rviz -> /home/nbf2/manip_ws/install/manip/share/manip/config
[0.972s] creating /home/nbf2/manip_ws/install/manip/share/manip/worlds
[0.972s] symbolically linking /home/nbf2/manip_ws/build/manip/worlds/empty.sdf -> /home/nbf2/manip_ws/install/manip/share/manip/worlds
[0.972s] symbolically linking /home/nbf2/manip_ws/build/manip/worlds/obstacles2.sdf -> /home/nbf2/manip_ws/install/manip/share/manip/worlds
[0.973s] symbolically linking /home/nbf2/manip_ws/build/manip/worlds/obstacles.world -> /home/nbf2/manip_ws/install/manip/share/manip/worlds
[0.973s] symbolically linking /home/nbf2/manip_ws/build/manip/worlds/empty.world -> /home/nbf2/manip_ws/install/manip/share/manip/worlds
[0.973s] creating /home/nbf2/manip_ws/install/manip/share/manip/views
[0.973s] symbolically linking /home/nbf2/manip_ws/build/manip/views/rviz_config2.rviz -> /home/nbf2/manip_ws/install/manip/share/manip/views
[0.973s] symbolically linking /home/nbf2/manip_ws/build/manip/views/rviz_config.rviz -> /home/nbf2/manip_ws/install/manip/share/manip/views
[0.973s] creating /home/nbf2/manip_ws/install/manip/share/manip/src
[0.973s] symbolically linking /home/nbf2/manip_ws/build/manip/src/__pycache__/OpcUaClient.cpython-312.pyc -> /home/nbf2/manip_ws/install/manip/share/manip/src
[0.973s] symbolically linking /home/nbf2/manip_ws/build/manip/src/__pycache__/__init__.cpython-312.pyc -> /home/nbf2/manip_ws/install/manip/share/manip/src
[0.973s] symbolically linking /home/nbf2/manip_ws/build/manip/src/__pycache__/I2C_LCD_Driver.cpython-312.pyc -> /home/nbf2/manip_ws/install/manip/share/manip/src
[0.973s] symbolically linking /home/nbf2/manip_ws/build/manip/src/__pycache__/ROBridge.cpython-312.pyc -> /home/nbf2/manip_ws/install/manip/share/manip/src
[0.974s] symbolically linking /home/nbf2/manip_ws/build/manip/src/__init__.py -> /home/nbf2/manip_ws/install/manip/share/manip/src
[0.974s] creating /home/nbf2/manip_ws/install/manip/share/manip/meshes
[0.974s] creating /home/nbf2/manip_ws/install/manip/share/manip/meshes/sensors
[0.974s] symbolically linking /home/nbf2/manip_ws/build/manip/meshes/sensors/asus_xtion_pro_live_base.dae -> /home/nbf2/manip_ws/install/manip/share/manip/meshes/sensors
[0.974s] symbolically linking /home/nbf2/manip_ws/build/manip/meshes/sensors/asus_xtion_pro_live_camera.png -> /home/nbf2/manip_ws/install/manip/share/manip/meshes/sensors
[0.974s] symbolically linking /home/nbf2/manip_ws/build/manip/meshes/sensors/hokuyo.dae -> /home/nbf2/manip_ws/install/manip/share/manip/meshes/sensors
[0.974s] symbolically linking /home/nbf2/manip_ws/build/manip/meshes/sensors/kinect.tga -> /home/nbf2/manip_ws/install/manip/share/manip/meshes/sensors
[0.974s] symbolically linking /home/nbf2/manip_ws/build/manip/meshes/sensors/hokuyo_convex.dae -> /home/nbf2/manip_ws/install/manip/share/manip/meshes/sensors
[0.974s] symbolically linking /home/nbf2/manip_ws/build/manip/meshes/sensors/asus_xtion_pro_live_base.png -> /home/nbf2/manip_ws/install/manip/share/manip/meshes/sensors
[0.974s] symbolically linking /home/nbf2/manip_ws/build/manip/meshes/sensors/kinect.dae -> /home/nbf2/manip_ws/install/manip/share/manip/meshes/sensors
[0.974s] symbolically linking /home/nbf2/manip_ws/build/manip/meshes/sensors/asus_xtion_pro_live_camera.dae -> /home/nbf2/manip_ws/install/manip/share/manip/meshes/sensors
[0.975s] symbolically linking /home/nbf2/manip_ws/build/manip/meshes/sensors/microsoft_lifecam.dae -> /home/nbf2/manip_ws/install/manip/share/manip/meshes/sensors
[0.997s] Invoked command in '/home/nbf2/manip_ws/build/manip' returned '0': DEBUGINFOD_URLS=https://debuginfod.ubuntu.com PYTHONPATH=/home/nbf2/manip_ws/build/manip/prefix_override:/usr/lib/python3/dist-packages/colcon_core/task/python/colcon_distutils_commands:/home/nbf2/manip_ws/install/manip/lib/python3.12/site-packages:${PYTHONPATH} /usr/bin/python3 -W ignore:setup.py install is deprecated -W ignore:easy_install command is deprecated setup.py develop --editable --build-directory /home/nbf2/manip_ws/build/manip/build --no-deps symlink_data
