running develop
running egg_info
writing manip.egg-info/PKG-INFO
writing dependency_links to manip.egg-info/dependency_links.txt
writing entry points to manip.egg-info/entry_points.txt
writing requirements to manip.egg-info/requires.txt
writing top-level names to manip.egg-info/top_level.txt
reading manifest file 'manip.egg-info/SOURCES.txt'
writing manifest file 'manip.egg-info/SOURCES.txt'
running build_ext
Creating /home/bfh/manip_ws/install/manip/lib/python3.12/site-packages/manip.egg-link (link to .)
Installing astolfi script to /home/bfh/manip_ws/install/manip/lib/manip
Installing blinker_node script to /home/bfh/manip_ws/install/manip/lib/manip
Installing heart_beat_node script to /home/bfh/manip_ws/install/manip/lib/manip
Installing lcddisplay script to /home/bfh/manip_ws/install/manip/lib/manip
Installing log_node script to /home/bfh/manip_ws/install/manip/lib/manip
Installing opcua_client_node script to /home/bfh/manip_ws/install/manip/lib/manip
Installing relay_control_node script to /home/bfh/manip_ws/install/manip/lib/manip
Installing ro_bridge script to /home/bfh/manip_ws/install/manip/lib/manip
Installing simreal_selector script to /home/bfh/manip_ws/install/manip/lib/manip
Installing statemachine script to /home/bfh/manip_ws/install/manip/lib/manip
Installing vmeter script to /home/bfh/manip_ws/install/manip/lib/manip

Installed /home/bfh/manip_ws/build/manip
running symlink_data
