[4.201s] Invoking command in '/home/bfh/manip_ws/build/manip': DEBUGINFOD_URLS=https://debuginfod.ubuntu.com PYTHONPATH=/home/bfh/manip_ws/build/manip/prefix_override:/usr/lib/python3/dist-packages/colcon_core/task/python/colcon_distutils_commands:/home/bfh/manip_ws/install/manip/lib/python3.12/site-packages:${PYTHONPATH} /usr/bin/python3 -W ignore:setup.py install is deprecated -W ignore:easy_install command is deprecated setup.py develop --editable --build-directory /home/bfh/manip_ws/build/manip/build --no-deps symlink_data
[5.823s] running develop
[6.816s] running egg_info
[6.903s] writing manip.egg-info/PKG-INFO
[6.904s] writing dependency_links to manip.egg-info/dependency_links.txt
[6.912s] writing entry points to manip.egg-info/entry_points.txt
[6.925s] writing requirements to manip.egg-info/requires.txt
[6.932s] writing top-level names to manip.egg-info/top_level.txt
[7.034s] reading manifest file 'manip.egg-info/SOURCES.txt'
[7.039s] writing manifest file 'manip.egg-info/SOURCES.txt'
[7.135s] running build_ext
[7.231s] Creating /home/bfh/manip_ws/install/manip/lib/python3.12/site-packages/manip.egg-link (link to .)
[7.234s] Installing astolfi script to /home/bfh/manip_ws/install/manip/lib/manip
[7.235s] Installing blinker_node script to /home/bfh/manip_ws/install/manip/lib/manip
[7.236s] Installing heart_beat_node script to /home/bfh/manip_ws/install/manip/lib/manip
[7.237s] Installing lcddisplay script to /home/bfh/manip_ws/install/manip/lib/manip
[7.238s] Installing log_node script to /home/bfh/manip_ws/install/manip/lib/manip
[7.239s] Installing opcua_client_node script to /home/bfh/manip_ws/install/manip/lib/manip
[7.240s] Installing relay_control_node script to /home/bfh/manip_ws/install/manip/lib/manip
[7.241s] Installing ro_bridge script to /home/bfh/manip_ws/install/manip/lib/manip
[7.242s] Installing simreal_selector script to /home/bfh/manip_ws/install/manip/lib/manip
[7.243s] Installing statemachine script to /home/bfh/manip_ws/install/manip/lib/manip
[7.244s] Installing vmeter script to /home/bfh/manip_ws/install/manip/lib/manip
[7.245s] 
[7.246s] Installed /home/bfh/manip_ws/build/manip
[7.246s] running symlink_data
[7.456s] Invoked command in '/home/bfh/manip_ws/build/manip' returned '0': DEBUGINFOD_URLS=https://debuginfod.ubuntu.com PYTHONPATH=/home/bfh/manip_ws/build/manip/prefix_override:/usr/lib/python3/dist-packages/colcon_core/task/python/colcon_distutils_commands:/home/bfh/manip_ws/install/manip/lib/python3.12/site-packages:${PYTHONPATH} /usr/bin/python3 -W ignore:setup.py install is deprecated -W ignore:easy_install command is deprecated setup.py develop --editable --build-directory /home/bfh/manip_ws/build/manip/build --no-deps symlink_data
