[0.559s] Invoking command in '/home/nbf2/manip_ws/build/manip': DEBUGINFOD_URLS=https://debuginfod.ubuntu.com PYTHONPATH=/home/nbf2/manip_ws/build/manip/prefix_override:/usr/lib/python3/dist-packages/colcon_core/task/python/colcon_distutils_commands:/home/nbf2/manip_ws/install/manip/lib/python3.12/site-packages:${PYTHONPATH} /usr/bin/python3 -W ignore:setup.py install is deprecated -W ignore:easy_install command is deprecated setup.py develop --editable --build-directory /home/nbf2/manip_ws/build/manip/build --no-deps symlink_data
[0.801s] running develop
[0.929s] running egg_info
[0.942s] writing manip.egg-info/PKG-INFO
[0.943s] writing dependency_links to manip.egg-info/dependency_links.txt
[0.943s] writing entry points to manip.egg-info/entry_points.txt
[0.943s] writing requirements to manip.egg-info/requires.txt
[0.943s] writing top-level names to manip.egg-info/top_level.txt
[0.956s] reading manifest file 'manip.egg-info/SOURCES.txt'
[0.956s] writing manifest file 'manip.egg-info/SOURCES.txt'
[0.969s] running build_ext
[0.982s] Creating /home/nbf2/manip_ws/install/manip/lib/python3.12/site-packages/manip.egg-link (link to .)
[0.983s] Installing astolfi script to /home/nbf2/manip_ws/install/manip/lib/manip
[0.983s] Installing blinker_node script to /home/nbf2/manip_ws/install/manip/lib/manip
[0.983s] Installing heart_beat_node script to /home/nbf2/manip_ws/install/manip/lib/manip
[0.983s] Installing lcddisplay script to /home/nbf2/manip_ws/install/manip/lib/manip
[0.983s] Installing log_node script to /home/nbf2/manip_ws/install/manip/lib/manip
[0.984s] Installing opcua_client_node script to /home/nbf2/manip_ws/install/manip/lib/manip
[0.984s] Installing relay_control_node script to /home/nbf2/manip_ws/install/manip/lib/manip
[0.984s] Installing ro_bridge script to /home/nbf2/manip_ws/install/manip/lib/manip
[0.984s] Installing simreal_selector script to /home/nbf2/manip_ws/install/manip/lib/manip
[0.984s] Installing statemachine script to /home/nbf2/manip_ws/install/manip/lib/manip
[0.984s] Installing vmeter script to /home/nbf2/manip_ws/install/manip/lib/manip
[0.984s] 
[0.984s] Installed /home/nbf2/manip_ws/build/manip
[0.984s] running symlink_data
[1.009s] Invoked command in '/home/nbf2/manip_ws/build/manip' returned '0': DEBUGINFOD_URLS=https://debuginfod.ubuntu.com PYTHONPATH=/home/nbf2/manip_ws/build/manip/prefix_override:/usr/lib/python3/dist-packages/colcon_core/task/python/colcon_distutils_commands:/home/nbf2/manip_ws/install/manip/lib/python3.12/site-packages:${PYTHONPATH} /usr/bin/python3 -W ignore:setup.py install is deprecated -W ignore:easy_install command is deprecated setup.py develop --editable --build-directory /home/nbf2/manip_ws/build/manip/build --no-deps symlink_data
