[0.665s] Invoking command in '/home/nbf2/manip_ws/build/manip': DEBUGINFOD_URLS=https://debuginfod.ubuntu.com PYTHONPATH=/home/nbf2/manip_ws/build/manip/prefix_override:/usr/lib/python3/dist-packages/colcon_core/task/python/colcon_distutils_commands:/home/nbf2/manip_ws/install/manip/lib/python3.12/site-packages:${PYTHONPATH} /usr/bin/python3 -W ignore:setup.py install is deprecated -W ignore:easy_install command is deprecated setup.py develop --editable --build-directory /home/nbf2/manip_ws/build/manip/build --no-deps symlink_data
[0.899s] running develop
[1.031s] running egg_info
[1.031s] creating manip.egg-info
[1.044s] writing manip.egg-info/PKG-INFO
[1.044s] writing dependency_links to manip.egg-info/dependency_links.txt
[1.044s] writing entry points to manip.egg-info/entry_points.txt
[1.044s] writing requirements to manip.egg-info/requires.txt
[1.044s] writing top-level names to manip.egg-info/top_level.txt
[1.045s] writing manifest file 'manip.egg-info/SOURCES.txt'
[1.057s] reading manifest file 'manip.egg-info/SOURCES.txt'
[1.058s] writing manifest file 'manip.egg-info/SOURCES.txt'
[1.071s] running build_ext
[1.084s] Creating /home/nbf2/manip_ws/install/manip/lib/python3.12/site-packages/manip.egg-link (link to .)
[1.085s] Installing astolfi script to /home/nbf2/manip_ws/install/manip/lib/manip
[1.085s] Installing blinker_node script to /home/nbf2/manip_ws/install/manip/lib/manip
[1.085s] Installing heart_beat_node script to /home/nbf2/manip_ws/install/manip/lib/manip
[1.085s] Installing lcddisplay script to /home/nbf2/manip_ws/install/manip/lib/manip
[1.085s] Installing log_node script to /home/nbf2/manip_ws/install/manip/lib/manip
[1.085s] Installing opcua_client_node script to /home/nbf2/manip_ws/install/manip/lib/manip
[1.085s] Installing relay_control_node script to /home/nbf2/manip_ws/install/manip/lib/manip
[1.085s] Installing ro_bridge script to /home/nbf2/manip_ws/install/manip/lib/manip
[1.085s] Installing simreal_selector script to /home/nbf2/manip_ws/install/manip/lib/manip
[1.085s] Installing statemachine script to /home/nbf2/manip_ws/install/manip/lib/manip
[1.085s] Installing vmeter script to /home/nbf2/manip_ws/install/manip/lib/manip
[1.085s] 
[1.085s] Installed /home/nbf2/manip_ws/build/manip
[1.085s] running symlink_data
[1.085s] creating /home/nbf2/manip_ws/install/manip/share/ament_index
[1.085s] creating /home/nbf2/manip_ws/install/manip/share/ament_index/resource_index
[1.085s] creating /home/nbf2/manip_ws/install/manip/share/ament_index/resource_index/packages
[1.085s] symbolically linking /home/nbf2/manip_ws/build/manip/resource/manip -> /home/nbf2/manip_ws/install/manip/share/ament_index/resource_index/packages
[1.086s] symbolically linking /home/nbf2/manip_ws/build/manip/package.xml -> /home/nbf2/manip_ws/install/manip/share/manip
[1.086s] creating /home/nbf2/manip_ws/install/manip/share/manip/launch
[1.086s] symbolically linking /home/nbf2/manip_ws/build/manip/launch/launch_robot.launch.py -> /home/nbf2/manip_ws/install/manip/share/manip/launch
[1.086s] symbolically linking /home/nbf2/manip_ws/build/manip/launch/rsp.launch.py -> /home/nbf2/manip_ws/install/manip/share/manip/launch
[1.086s] symbolically linking /home/nbf2/manip_ws/build/manip/launch/launch_sim.launch.py -> /home/nbf2/manip_ws/install/manip/share/manip/launch
[1.086s] symbolically linking /home/nbf2/manip_ws/build/manip/launch/joystick.launch.py -> /home/nbf2/manip_ws/install/manip/share/manip/launch
[1.086s] symbolically linking /home/nbf2/manip_ws/build/manip/launch/rviz.launch.py -> /home/nbf2/manip_ws/install/manip/share/manip/launch
[1.086s] creating /home/nbf2/manip_ws/install/manip/share/manip/description
[1.086s] symbolically linking /home/nbf2/manip_ws/build/manip/description/manip_all.xacro -> /home/nbf2/manip_ws/install/manip/share/manip/description
[1.086s] symbolically linking /home/nbf2/manip_ws/build/manip/description/manip_manip.xacro -> /home/nbf2/manip_ws/install/manip/share/manip/description
[1.086s] symbolically linking /home/nbf2/manip_ws/build/manip/description/robot.urdf.xacro -> /home/nbf2/manip_ws/install/manip/share/manip/description
[1.086s] symbolically linking /home/nbf2/manip_ws/build/manip/description/ros2_control.xacro -> /home/nbf2/manip_ws/install/manip/share/manip/description
[1.086s] creating /home/nbf2/manip_ws/install/manip/share/manip/config
[1.086s] symbolically linking /home/nbf2/manip_ws/build/manip/config/controllers.yaml -> /home/nbf2/manip_ws/install/manip/share/manip/config
[1.086s] symbolically linking /home/nbf2/manip_ws/build/manip/config/mapper_params_online_async.yaml -> /home/nbf2/manip_ws/install/manip/share/manip/config
[1.086s] symbolically linking /home/nbf2/manip_ws/build/manip/config/gaz_ros2_ctl_use_sim.yaml -> /home/nbf2/manip_ws/install/manip/share/manip/config
[1.086s] symbolically linking /home/nbf2/manip_ws/build/manip/config/joystick.yaml -> /home/nbf2/manip_ws/install/manip/share/manip/config
[1.086s] symbolically linking /home/nbf2/manip_ws/build/manip/config/gz_bridge.yaml -> /home/nbf2/manip_ws/install/manip/share/manip/config
[1.086s] symbolically linking /home/nbf2/manip_ws/build/manip/config/arm_joints.yaml -> /home/nbf2/manip_ws/install/manip/share/manip/config
[1.086s] symbolically linking /home/nbf2/manip_ws/build/manip/config/rviz_config.rviz -> /home/nbf2/manip_ws/install/manip/share/manip/config
[1.086s] creating /home/nbf2/manip_ws/install/manip/share/manip/worlds
[1.086s] symbolically linking /home/nbf2/manip_ws/build/manip/worlds/empty.sdf -> /home/nbf2/manip_ws/install/manip/share/manip/worlds
[1.086s] symbolically linking /home/nbf2/manip_ws/build/manip/worlds/obstacles2.sdf -> /home/nbf2/manip_ws/install/manip/share/manip/worlds
[1.086s] symbolically linking /home/nbf2/manip_ws/build/manip/worlds/obstacles.world -> /home/nbf2/manip_ws/install/manip/share/manip/worlds
[1.087s] symbolically linking /home/nbf2/manip_ws/build/manip/worlds/empty.world -> /home/nbf2/manip_ws/install/manip/share/manip/worlds
[1.087s] creating /home/nbf2/manip_ws/install/manip/share/manip/views
[1.087s] symbolically linking /home/nbf2/manip_ws/build/manip/views/rviz_config2.rviz -> /home/nbf2/manip_ws/install/manip/share/manip/views
[1.087s] symbolically linking /home/nbf2/manip_ws/build/manip/views/rviz_config.rviz -> /home/nbf2/manip_ws/install/manip/share/manip/views
[1.087s] creating /home/nbf2/manip_ws/install/manip/share/manip/src
[1.087s] symbolically linking /home/nbf2/manip_ws/build/manip/src/__pycache__/OpcUaClient.cpython-312.pyc -> /home/nbf2/manip_ws/install/manip/share/manip/src
[1.087s] symbolically linking /home/nbf2/manip_ws/build/manip/src/__pycache__/__init__.cpython-312.pyc -> /home/nbf2/manip_ws/install/manip/share/manip/src
[1.087s] symbolically linking /home/nbf2/manip_ws/build/manip/src/__pycache__/I2C_LCD_Driver.cpython-312.pyc -> /home/nbf2/manip_ws/install/manip/share/manip/src
[1.087s] symbolically linking /home/nbf2/manip_ws/build/manip/src/__pycache__/ROBridge.cpython-312.pyc -> /home/nbf2/manip_ws/install/manip/share/manip/src
[1.087s] symbolically linking /home/nbf2/manip_ws/build/manip/src/__init__.py -> /home/nbf2/manip_ws/install/manip/share/manip/src
[1.087s] creating /home/nbf2/manip_ws/install/manip/share/manip/meshes
[1.087s] creating /home/nbf2/manip_ws/install/manip/share/manip/meshes/sensors
[1.087s] symbolically linking /home/nbf2/manip_ws/build/manip/meshes/sensors/asus_xtion_pro_live_base.dae -> /home/nbf2/manip_ws/install/manip/share/manip/meshes/sensors
[1.087s] symbolically linking /home/nbf2/manip_ws/build/manip/meshes/sensors/asus_xtion_pro_live_camera.png -> /home/nbf2/manip_ws/install/manip/share/manip/meshes/sensors
[1.087s] symbolically linking /home/nbf2/manip_ws/build/manip/meshes/sensors/hokuyo.dae -> /home/nbf2/manip_ws/install/manip/share/manip/meshes/sensors
[1.087s] symbolically linking /home/nbf2/manip_ws/build/manip/meshes/sensors/kinect.tga -> /home/nbf2/manip_ws/install/manip/share/manip/meshes/sensors
[1.087s] symbolically linking /home/nbf2/manip_ws/build/manip/meshes/sensors/hokuyo_convex.dae -> /home/nbf2/manip_ws/install/manip/share/manip/meshes/sensors
[1.087s] symbolically linking /home/nbf2/manip_ws/build/manip/meshes/sensors/asus_xtion_pro_live_base.png -> /home/nbf2/manip_ws/install/manip/share/manip/meshes/sensors
[1.087s] symbolically linking /home/nbf2/manip_ws/build/manip/meshes/sensors/kinect.dae -> /home/nbf2/manip_ws/install/manip/share/manip/meshes/sensors
[1.087s] symbolically linking /home/nbf2/manip_ws/build/manip/meshes/sensors/asus_xtion_pro_live_camera.dae -> /home/nbf2/manip_ws/install/manip/share/manip/meshes/sensors
[1.087s] symbolically linking /home/nbf2/manip_ws/build/manip/meshes/sensors/microsoft_lifecam.dae -> /home/nbf2/manip_ws/install/manip/share/manip/meshes/sensors
[1.087s] creating /home/nbf2/manip_ws/install/manip/share/manip/meshes/manip_arm
[1.087s] symbolically linking /home/nbf2/manip_ws/build/manip/meshes/manip_arm/arm2_convex.dae -> /home/nbf2/manip_ws/install/manip/share/manip/meshes/manip_arm
[1.087s] symbolically linking /home/nbf2/manip_ws/build/manip/meshes/manip_arm/arm2.dae -> /home/nbf2/manip_ws/install/manip/share/manip/meshes/manip_arm
[1.088s] symbolically linking /home/nbf2/manip_ws/build/manip/meshes/manip_arm/arm0.dae -> /home/nbf2/manip_ws/install/manip/share/manip/meshes/manip_arm
[1.088s] symbolically linking /home/nbf2/manip_ws/build/manip/meshes/manip_arm/arm_joint_3_convex.stl -> /home/nbf2/manip_ws/install/manip/share/manip/meshes/manip_arm
[1.088s] symbolically linking /home/nbf2/manip_ws/build/manip/meshes/manip_arm/arm0_convex.stl -> /home/nbf2/manip_ws/install/manip/share/manip/meshes/manip_arm
[1.088s] symbolically linking /home/nbf2/manip_ws/build/manip/meshes/manip_arm/arm_joint_2_convex.stl -> /home/nbf2/manip_ws/install/manip/share/manip/meshes/manip_arm
[1.088s] symbolically linking /home/nbf2/manip_ws/build/manip/meshes/manip_arm/arm5.dae -> /home/nbf2/manip_ws/install/manip/share/manip/meshes/manip_arm
[1.088s] symbolically linking /home/nbf2/manip_ws/build/manip/meshes/manip_arm/arm3.dae -> /home/nbf2/manip_ws/install/manip/share/manip/meshes/manip_arm
[1.088s] symbolically linking /home/nbf2/manip_ws/build/manip/meshes/manip_arm/arm4.dae -> /home/nbf2/manip_ws/install/manip/share/manip/meshes/manip_arm
[1.088s] symbolically linking /home/nbf2/manip_ws/build/manip/meshes/manip_arm/arm1.dae -> /home/nbf2/manip_ws/install/manip/share/manip/meshes/manip_arm
[1.088s] symbolically linking /home/nbf2/manip_ws/build/manip/meshes/manip_arm/arm_joint_1_convex.stl -> /home/nbf2/manip_ws/install/manip/share/manip/meshes/manip_arm
[1.088s] symbolically linking /home/nbf2/manip_ws/build/manip/meshes/manip_arm/arm5_convex.dae -> /home/nbf2/manip_ws/install/manip/share/manip/meshes/manip_arm
[1.088s] symbolically linking /home/nbf2/manip_ws/build/manip/meshes/manip_arm/arm2_convex.stl -> /home/nbf2/manip_ws/install/manip/share/manip/meshes/manip_arm
[1.088s] symbolically linking /home/nbf2/manip_ws/build/manip/meshes/manip_arm/arm4_convex.dae -> /home/nbf2/manip_ws/install/manip/share/manip/meshes/manip_arm
[1.088s] symbolically linking /home/nbf2/manip_ws/build/manip/meshes/manip_arm/arm_joint_5_convex.stl -> /home/nbf2/manip_ws/install/manip/share/manip/meshes/manip_arm
[1.088s] symbolically linking /home/nbf2/manip_ws/build/manip/meshes/manip_arm/arm3_convex.dae -> /home/nbf2/manip_ws/install/manip/share/manip/meshes/manip_arm
[1.088s] symbolically linking /home/nbf2/manip_ws/build/manip/meshes/manip_arm/arm_joint_4_convex.stl -> /home/nbf2/manip_ws/install/manip/share/manip/meshes/manip_arm
[1.088s] symbolically linking /home/nbf2/manip_ws/build/manip/meshes/manip_arm/arm1_convex.dae -> /home/nbf2/manip_ws/install/manip/share/manip/meshes/manip_arm
[1.088s] symbolically linking /home/nbf2/manip_ws/build/manip/meshes/manip_arm/arm0_convex.dae -> /home/nbf2/manip_ws/install/manip/share/manip/meshes/manip_arm
[1.088s] creating /home/nbf2/manip_ws/install/manip/share/manip/meshes/manip_base
[1.088s] symbolically linking /home/nbf2/manip_ws/build/manip/meshes/manip_base/front-left_wheel.dae -> /home/nbf2/manip_ws/install/manip/share/manip/meshes/manip_base
[1.088s] symbolically linking /home/nbf2/manip_ws/build/manip/meshes/manip_base/base_frame.dae -> /home/nbf2/manip_ws/install/manip/share/manip/meshes/manip_base
[1.088s] symbolically linking /home/nbf2/manip_ws/build/manip/meshes/manip_base/back-right_wheel.dae -> /home/nbf2/manip_ws/install/manip/share/manip/meshes/manip_base
[1.088s] symbolically linking /home/nbf2/manip_ws/build/manip/meshes/manip_base/base.dae -> /home/nbf2/manip_ws/install/manip/share/manip/meshes/manip_base
[1.088s] symbolically linking /home/nbf2/manip_ws/build/manip/meshes/manip_base/base_convex.stl -> /home/nbf2/manip_ws/install/manip/share/manip/meshes/manip_base
[1.088s] symbolically linking /home/nbf2/manip_ws/build/manip/meshes/manip_base/back-left_wheel.dae -> /home/nbf2/manip_ws/install/manip/share/manip/meshes/manip_base
[1.088s] symbolically linking /home/nbf2/manip_ws/build/manip/meshes/manip_base/base_convex.dae -> /home/nbf2/manip_ws/install/manip/share/manip/meshes/manip_base
[1.088s] symbolically linking /home/nbf2/manip_ws/build/manip/meshes/manip_base/front-right_wheel.dae -> /home/nbf2/manip_ws/install/manip/share/manip/meshes/manip_base
[1.089s] creating /home/nbf2/manip_ws/install/manip/share/manip/meshes/manip_gripper
[1.089s] symbolically linking /home/nbf2/manip_ws/build/manip/meshes/manip_gripper/finger.dae -> /home/nbf2/manip_ws/install/manip/share/manip/meshes/manip_gripper
[1.089s] symbolically linking /home/nbf2/manip_ws/build/manip/meshes/manip_gripper/palm_convex.dae -> /home/nbf2/manip_ws/install/manip/share/manip/meshes/manip_gripper
[1.089s] symbolically linking /home/nbf2/manip_ws/build/manip/meshes/manip_gripper/palm.dae -> /home/nbf2/manip_ws/install/manip/share/manip/meshes/manip_gripper
[1.089s] symbolically linking /home/nbf2/manip_ws/build/manip/meshes/manip_gripper/finger_convex.dae -> /home/nbf2/manip_ws/install/manip/share/manip/meshes/manip_gripper
[1.089s] creating /home/nbf2/manip_ws/install/manip/share/manip/meshes/manip_plate
[1.089s] symbolically linking /home/nbf2/manip_ws/build/manip/meshes/manip_plate/plate.dae -> /home/nbf2/manip_ws/install/manip/share/manip/meshes/manip_plate
[1.089s] symbolically linking /home/nbf2/manip_ws/build/manip/meshes/manip_plate/plate_convex.dae -> /home/nbf2/manip_ws/install/manip/share/manip/meshes/manip_plate
[1.111s] Invoked command in '/home/nbf2/manip_ws/build/manip' returned '0': DEBUGINFOD_URLS=https://debuginfod.ubuntu.com PYTHONPATH=/home/nbf2/manip_ws/build/manip/prefix_override:/usr/lib/python3/dist-packages/colcon_core/task/python/colcon_distutils_commands:/home/nbf2/manip_ws/install/manip/lib/python3.12/site-packages:${PYTHONPATH} /usr/bin/python3 -W ignore:setup.py install is deprecated -W ignore:easy_install command is deprecated setup.py develop --editable --build-directory /home/nbf2/manip_ws/build/manip/build --no-deps symlink_data
